;  LST file generated by mikroListExporter - v.2.0 
; Date/Time: 26/09/2023 16:37:40
;----------------------------------------------

;Address Opcode 	ASM
0x0000	0x2993      	GOTO       403
_Delay_1us:
;__Lib_Delays.c,7 :: 		void Delay_1us() {
;__Lib_Delays.c,8 :: 		Delay_us(1);
0x0003	0x0000      	NOP
;__Lib_Delays.c,9 :: 		}
L_end_Delay_1us:
0x0004	0x0008      	RETURN
; end of _Delay_1us
_Delay_5500us:
;__Lib_Delays.c,31 :: 		void Delay_5500us() {
;__Lib_Delays.c,32 :: 		Delay_us(5500);
0x0005	0x3008      	MOVLW      8
0x0006	0x1283      	BCF        STATUS, 5
0x0007	0x1303      	BCF        STATUS, 6
0x0008	0x00FC      	MOVWF      R12
0x0009	0x3023      	MOVLW      35
0x000A	0x00FD      	MOVWF      R13
L_Delay_5500us5:
0x000B	0x0BFD      	DECFSZ     R13, 1
0x000C	0x280B      	GOTO       L_Delay_5500us5
0x000D	0x0BFC      	DECFSZ     R12, 1
0x000E	0x280B      	GOTO       L_Delay_5500us5
;__Lib_Delays.c,33 :: 		}
L_end_Delay_5500us:
0x000F	0x0008      	RETURN
; end of _Delay_5500us
_Delay_50us:
;__Lib_Delays.c,19 :: 		void Delay_50us() {
;__Lib_Delays.c,20 :: 		Delay_us(50);
0x0010	0x3010      	MOVLW      16
0x0011	0x1283      	BCF        STATUS, 5
0x0012	0x1303      	BCF        STATUS, 6
0x0013	0x00FD      	MOVWF      R13
L_Delay_50us2:
0x0014	0x0BFD      	DECFSZ     R13, 1
0x0015	0x2814      	GOTO       L_Delay_50us2
0x0016	0x0000      	NOP
;__Lib_Delays.c,21 :: 		}
L_end_Delay_50us:
0x0017	0x0008      	RETURN
; end of _Delay_50us
_Lcd_Cmd:
;__Lib_Lcd.c,18 :: 		
;__Lib_Lcd.c,20 :: 		
0x0018	0x1283      	BCF        STATUS, 5
0x0019	0x1303      	BCF        STATUS, 6
0x001A	0x1BBE      	BTFSC      FARG_Lcd_Cmd_out_char, 7
0x001B	0x281E      	GOTO       L__Lcd_Cmd21
0x001C	0x1386      	BCF        LCD_D7, BitPos(LCD_D7+0)
0x001D	0x281F      	GOTO       L__Lcd_Cmd22
L__Lcd_Cmd21:
0x001E	0x1786      	BSF        LCD_D7, BitPos(LCD_D7+0)
L__Lcd_Cmd22:
;__Lib_Lcd.c,21 :: 		
0x001F	0x1B3E      	BTFSC      FARG_Lcd_Cmd_out_char, 6
0x0020	0x2823      	GOTO       L__Lcd_Cmd23
0x0021	0x1306      	BCF        LCD_D6, BitPos(LCD_D6+0)
0x0022	0x2824      	GOTO       L__Lcd_Cmd24
L__Lcd_Cmd23:
0x0023	0x1706      	BSF        LCD_D6, BitPos(LCD_D6+0)
L__Lcd_Cmd24:
;__Lib_Lcd.c,22 :: 		
0x0024	0x1ABE      	BTFSC      FARG_Lcd_Cmd_out_char, 5
0x0025	0x2828      	GOTO       L__Lcd_Cmd25
0x0026	0x1286      	BCF        LCD_D5, BitPos(LCD_D5+0)
0x0027	0x2829      	GOTO       L__Lcd_Cmd26
L__Lcd_Cmd25:
0x0028	0x1686      	BSF        LCD_D5, BitPos(LCD_D5+0)
L__Lcd_Cmd26:
;__Lib_Lcd.c,23 :: 		
0x0029	0x1A3E      	BTFSC      FARG_Lcd_Cmd_out_char, 4
0x002A	0x282D      	GOTO       L__Lcd_Cmd27
0x002B	0x1206      	BCF        LCD_D4, BitPos(LCD_D4+0)
0x002C	0x282E      	GOTO       L__Lcd_Cmd28
L__Lcd_Cmd27:
0x002D	0x1606      	BSF        LCD_D4, BitPos(LCD_D4+0)
L__Lcd_Cmd28:
;__Lib_Lcd.c,25 :: 		
0x002E	0x1831      	BTFSC      __Lib_Lcd_cmd_status, BitPos(__Lib_Lcd_cmd_status+0)
0x002F	0x2832      	GOTO       L__Lcd_Cmd29
0x0030	0x1506      	BSF        LCD_RS, BitPos(LCD_RS+0)
0x0031	0x2833      	GOTO       L__Lcd_Cmd30
L__Lcd_Cmd29:
0x0032	0x1106      	BCF        LCD_RS, BitPos(LCD_RS+0)
L__Lcd_Cmd30:
;__Lib_Lcd.c,28 :: 		
0x0033	0x1586      	BSF        LCD_EN, BitPos(LCD_EN+0)
;__Lib_Lcd.c,29 :: 		
0x0034	0x2003      	CALL       _Delay_1us
;__Lib_Lcd.c,30 :: 		
0x0035	0x1186      	BCF        LCD_EN, BitPos(LCD_EN+0)
;__Lib_Lcd.c,33 :: 		
0x0036	0x19BE      	BTFSC      FARG_Lcd_Cmd_out_char, 3
0x0037	0x283A      	GOTO       L__Lcd_Cmd31
0x0038	0x1386      	BCF        LCD_D7, BitPos(LCD_D7+0)
0x0039	0x283B      	GOTO       L__Lcd_Cmd32
L__Lcd_Cmd31:
0x003A	0x1786      	BSF        LCD_D7, BitPos(LCD_D7+0)
L__Lcd_Cmd32:
;__Lib_Lcd.c,34 :: 		
0x003B	0x193E      	BTFSC      FARG_Lcd_Cmd_out_char, 2
0x003C	0x283F      	GOTO       L__Lcd_Cmd33
0x003D	0x1306      	BCF        LCD_D6, BitPos(LCD_D6+0)
0x003E	0x2840      	GOTO       L__Lcd_Cmd34
L__Lcd_Cmd33:
0x003F	0x1706      	BSF        LCD_D6, BitPos(LCD_D6+0)
L__Lcd_Cmd34:
;__Lib_Lcd.c,35 :: 		
0x0040	0x18BE      	BTFSC      FARG_Lcd_Cmd_out_char, 1
0x0041	0x2844      	GOTO       L__Lcd_Cmd35
0x0042	0x1286      	BCF        LCD_D5, BitPos(LCD_D5+0)
0x0043	0x2845      	GOTO       L__Lcd_Cmd36
L__Lcd_Cmd35:
0x0044	0x1686      	BSF        LCD_D5, BitPos(LCD_D5+0)
L__Lcd_Cmd36:
;__Lib_Lcd.c,36 :: 		
0x0045	0x183E      	BTFSC      FARG_Lcd_Cmd_out_char, 0
0x0046	0x2849      	GOTO       L__Lcd_Cmd37
0x0047	0x1206      	BCF        LCD_D4, BitPos(LCD_D4+0)
0x0048	0x284A      	GOTO       L__Lcd_Cmd38
L__Lcd_Cmd37:
0x0049	0x1606      	BSF        LCD_D4, BitPos(LCD_D4+0)
L__Lcd_Cmd38:
;__Lib_Lcd.c,38 :: 		
0x004A	0x1831      	BTFSC      __Lib_Lcd_cmd_status, BitPos(__Lib_Lcd_cmd_status+0)
0x004B	0x284E      	GOTO       L__Lcd_Cmd39
0x004C	0x1506      	BSF        LCD_RS, BitPos(LCD_RS+0)
0x004D	0x284F      	GOTO       L__Lcd_Cmd40
L__Lcd_Cmd39:
0x004E	0x1106      	BCF        LCD_RS, BitPos(LCD_RS+0)
L__Lcd_Cmd40:
;__Lib_Lcd.c,40 :: 		
0x004F	0x1586      	BSF        LCD_EN, BitPos(LCD_EN+0)
;__Lib_Lcd.c,41 :: 		
0x0050	0x2003      	CALL       _Delay_1us
;__Lib_Lcd.c,42 :: 		
0x0051	0x1186      	BCF        LCD_EN, BitPos(LCD_EN+0)
;__Lib_Lcd.c,44 :: 		
0x0052	0x1C31      	BTFSS      __Lib_Lcd_cmd_status, BitPos(__Lib_Lcd_cmd_status+0)
0x0053	0x2856      	GOTO       L_Lcd_Cmd0
;__Lib_Lcd.c,45 :: 		
0x0054	0x2005      	CALL       _Delay_5500us
0x0055	0x2857      	GOTO       L_Lcd_Cmd1
L_Lcd_Cmd0:
;__Lib_Lcd.c,47 :: 		
0x0056	0x2010      	CALL       _Delay_50us
L_Lcd_Cmd1:
;__Lib_Lcd.c,48 :: 		
L_end_Lcd_Cmd:
0x0057	0x0008      	RETURN
; end of _Lcd_Cmd
_Keypad_Key_Press:
;__Lib_Keypad4x4.c,39 :: 		
;__Lib_Keypad4x4.c,43 :: 		
0x0058	0x1283      	BCF        STATUS, 5
0x0059	0x1303      	BCF        STATUS, 6
0x005A	0x01B9      	CLRF       Keypad_Key_Press_rslt_L0
;__Lib_Keypad4x4.c,44 :: 		
0x005B	0x01BB      	CLRF       Keypad_Key_Press_loc_L0
;__Lib_Keypad4x4.c,45 :: 		
0x005C	0x01BC      	CLRF       Keypad_Key_Press_rowcnt_L0
;__Lib_Keypad4x4.c,46 :: 		
0x005D	0x3010      	MOVLW      16
0x005E	0x00BD      	MOVWF      Keypad_Key_Press_shifter_L0
;__Lib_Keypad4x4.c,48 :: 		
L_Keypad_Key_Press0:
0x005F	0x3004      	MOVLW      4
0x0060	0x023C      	SUBWF      Keypad_Key_Press_rowcnt_L0, 0
0x0061	0x1803      	BTFSC      STATUS, 0
0x0062	0x2889      	GOTO       L_Keypad_Key_Press1
;__Lib_Keypad4x4.c,50 :: 		
0x0063	0x30F0      	MOVLW      240
0x0064	0x0088      	MOVWF      keypadPort
;__Lib_Keypad4x4.c,51 :: 		
0x0065	0x3080      	MOVLW      128
0x0066	0x00F0      	MOVWF      R0
0x0067	0x0870      	MOVF       R0, 0
0x0068	0x3E08      	ADDLW      keypadPort
0x0069	0x0084      	MOVWF      FSR
0x006A	0x093D      	COMF       Keypad_Key_Press_shifter_L0, 0
0x006B	0x00F0      	MOVWF      R0
0x006C	0x0870      	MOVF       R0, 0
0x006D	0x0080      	MOVWF      INDF
;__Lib_Keypad4x4.c,55 :: 		
0x006E	0x2003      	CALL       _Delay_1us
;__Lib_Keypad4x4.c,56 :: 		
0x006F	0x2003      	CALL       _Delay_1us
;__Lib_Keypad4x4.c,57 :: 		
0x0070	0x300F      	MOVLW      15
0x0071	0x0508      	ANDWF      keypadPort, 0
0x0072	0x00F0      	MOVWF      R0
0x0073	0x0870      	MOVF       R0, 0
0x0074	0x00BA      	MOVWF      Keypad_Key_Press_kdata_L0
;__Lib_Keypad4x4.c,58 :: 		
0x0075	0x0870      	MOVF       R0, 0
0x0076	0x1903      	BTFSC      STATUS, 2
0x0077	0x2883      	GOTO       L_Keypad_Key_Press2
;__Lib_Keypad4x4.c,60 :: 		
0x0078	0x083B      	MOVF       Keypad_Key_Press_loc_L0, 0
0x0079	0x00B9      	MOVWF      Keypad_Key_Press_rslt_L0
;__Lib_Keypad4x4.c,61 :: 		
L_Keypad_Key_Press3:
0x007A	0x083A      	MOVF       Keypad_Key_Press_kdata_L0, 0
0x007B	0x1903      	BTFSC      STATUS, 2
0x007C	0x2881      	GOTO       L_Keypad_Key_Press4
;__Lib_Keypad4x4.c,62 :: 		
0x007D	0x0CBA      	RRF        Keypad_Key_Press_kdata_L0, 1
0x007E	0x13BA      	BCF        Keypad_Key_Press_kdata_L0, 7
;__Lib_Keypad4x4.c,63 :: 		
0x007F	0x0AB9      	INCF       Keypad_Key_Press_rslt_L0, 1
;__Lib_Keypad4x4.c,64 :: 		
0x0080	0x287A      	GOTO       L_Keypad_Key_Press3
L_Keypad_Key_Press4:
;__Lib_Keypad4x4.c,66 :: 		
0x0081	0x3004      	MOVLW      4
0x0082	0x00BC      	MOVWF      Keypad_Key_Press_rowcnt_L0
;__Lib_Keypad4x4.c,67 :: 		
L_Keypad_Key_Press2:
;__Lib_Keypad4x4.c,68 :: 		
0x0083	0x0DBD      	RLF        Keypad_Key_Press_shifter_L0, 1
0x0084	0x103D      	BCF        Keypad_Key_Press_shifter_L0, 0
;__Lib_Keypad4x4.c,69 :: 		
0x0085	0x3004      	MOVLW      4
0x0086	0x07BB      	ADDWF      Keypad_Key_Press_loc_L0, 1
;__Lib_Keypad4x4.c,70 :: 		
0x0087	0x0ABC      	INCF       Keypad_Key_Press_rowcnt_L0, 1
;__Lib_Keypad4x4.c,71 :: 		
0x0088	0x285F      	GOTO       L_Keypad_Key_Press0
L_Keypad_Key_Press1:
;__Lib_Keypad4x4.c,73 :: 		
0x0089	0x0839      	MOVF       Keypad_Key_Press_rslt_L0, 0
0x008A	0x00F0      	MOVWF      R0
;__Lib_Keypad4x4.c,74 :: 		
L_end_Keypad_Key_Press:
0x008B	0x0008      	RETURN
; end of _Keypad_Key_Press
_Lcd_Chr_CP:
;__Lib_Lcd.c,50 :: 		
;__Lib_Lcd.c,52 :: 		
0x008C	0x1283      	BCF        STATUS, 5
0x008D	0x1303      	BCF        STATUS, 6
0x008E	0x1031      	BCF        __Lib_Lcd_cmd_status, BitPos(__Lib_Lcd_cmd_status+0)
;__Lib_Lcd.c,53 :: 		
0x008F	0x0839      	MOVF       FARG_Lcd_Chr_CP_out_char, 0
0x0090	0x00BE      	MOVWF      FARG_Lcd_Cmd_out_char
0x0091	0x2018      	CALL       _Lcd_Cmd
;__Lib_Lcd.c,54 :: 		
0x0092	0x1431      	BSF        __Lib_Lcd_cmd_status, BitPos(__Lib_Lcd_cmd_status+0)
;__Lib_Lcd.c,55 :: 		
L_end_Lcd_Chr_CP:
0x0093	0x0008      	RETURN
; end of _Lcd_Chr_CP
_Keypad_Init:
;__Lib_Keypad4x4.c,34 :: 		
;__Lib_Keypad4x4.c,35 :: 		
0x0094	0x3080      	MOVLW      128
0x0095	0x1283      	BCF        STATUS, 5
0x0096	0x1303      	BCF        STATUS, 6
0x0097	0x00F0      	MOVWF      R0
0x0098	0x0870      	MOVF       R0, 0
0x0099	0x3E08      	ADDLW      keypadPort
0x009A	0x0084      	MOVWF      FSR
0x009B	0x30FF      	MOVLW      255
0x009C	0x0080      	MOVWF      INDF
;__Lib_Keypad4x4.c,36 :: 		
L_end_Keypad_Init:
0x009D	0x0008      	RETURN
; end of _Keypad_Init
_Delay_10us:
;__Lib_Delays.c,11 :: 		void Delay_10us() {
;__Lib_Delays.c,12 :: 		Delay_us(10);
0x009E	0x3003      	MOVLW      3
0x009F	0x1283      	BCF        STATUS, 5
0x00A0	0x1303      	BCF        STATUS, 6
0x00A1	0x00FD      	MOVWF      R13
L_Delay_10us0:
0x00A2	0x0BFD      	DECFSZ     R13, 1
0x00A3	0x28A2      	GOTO       L_Delay_10us0
;__Lib_Delays.c,13 :: 		}
L_end_Delay_10us:
0x00A4	0x0008      	RETURN
; end of _Delay_10us
_____DoICP:
;__Lib_System.c,6 :: 		
;__Lib_System.c,9 :: 		
0x00A5	0x1283      	BCF        STATUS, 5
0x00A6	0x1303      	BCF        STATUS, 6
0x00A7	0x0833      	MOVF       ___DoICPAddr+1, 0
0x00A8	0x008A      	MOVWF      PCLATH
;__Lib_System.c,10 :: 		
0x00A9	0x0832      	MOVF       ___DoICPAddr, 0
0x00AA	0x0082      	MOVWF      PCL
;__Lib_System.c,12 :: 		
L_end_____DoICP:
0x00AB	0x0008      	RETURN
; end of _____DoICP
_Lcd_Init:
;__Lib_Lcd.c,84 :: 		
;__Lib_Lcd.c,86 :: 		
0x00AC	0x1683      	BSF        STATUS, 5
0x00AD	0x1303      	BCF        STATUS, 6
0x00AE	0x1186      	BCF        LCD_EN_Direction, BitPos(LCD_EN_Direction+0)
;__Lib_Lcd.c,87 :: 		
0x00AF	0x1106      	BCF        LCD_RS_Direction, BitPos(LCD_RS_Direction+0)
;__Lib_Lcd.c,88 :: 		
0x00B0	0x1206      	BCF        LCD_D4_Direction, BitPos(LCD_D4_Direction+0)
;__Lib_Lcd.c,89 :: 		
0x00B1	0x1286      	BCF        LCD_D5_Direction, BitPos(LCD_D5_Direction+0)
;__Lib_Lcd.c,90 :: 		
0x00B2	0x1306      	BCF        LCD_D6_Direction, BitPos(LCD_D6_Direction+0)
;__Lib_Lcd.c,91 :: 		
0x00B3	0x1386      	BCF        LCD_D7_Direction, BitPos(LCD_D7_Direction+0)
;__Lib_Lcd.c,93 :: 		
0x00B4	0x1283      	BCF        STATUS, 5
0x00B5	0x1186      	BCF        LCD_EN, BitPos(LCD_EN+0)
;__Lib_Lcd.c,94 :: 		
0x00B6	0x1106      	BCF        LCD_RS, BitPos(LCD_RS+0)
;__Lib_Lcd.c,95 :: 		
0x00B7	0x1386      	BCF        LCD_D7, BitPos(LCD_D7+0)
;__Lib_Lcd.c,96 :: 		
0x00B8	0x1306      	BCF        LCD_D6, BitPos(LCD_D6+0)
;__Lib_Lcd.c,97 :: 		
0x00B9	0x1286      	BCF        LCD_D5, BitPos(LCD_D5+0)
;__Lib_Lcd.c,98 :: 		
0x00BA	0x1206      	BCF        LCD_D4, BitPos(LCD_D4+0)
;__Lib_Lcd.c,100 :: 		
0x00BB	0x2005      	CALL       _Delay_5500us
;__Lib_Lcd.c,101 :: 		
0x00BC	0x2005      	CALL       _Delay_5500us
;__Lib_Lcd.c,102 :: 		
0x00BD	0x2005      	CALL       _Delay_5500us
;__Lib_Lcd.c,105 :: 		
0x00BE	0x1686      	BSF        LCD_D5, BitPos(LCD_D5+0)
;__Lib_Lcd.c,106 :: 		
0x00BF	0x1606      	BSF        LCD_D4, BitPos(LCD_D4+0)
;__Lib_Lcd.c,107 :: 		
0x00C0	0x1586      	BSF        LCD_EN, BitPos(LCD_EN+0)
;__Lib_Lcd.c,108 :: 		
0x00C1	0x2003      	CALL       _Delay_1us
;__Lib_Lcd.c,109 :: 		
0x00C2	0x1186      	BCF        LCD_EN, BitPos(LCD_EN+0)
;__Lib_Lcd.c,110 :: 		
0x00C3	0x2005      	CALL       _Delay_5500us
;__Lib_Lcd.c,112 :: 		
0x00C4	0x1586      	BSF        LCD_EN, BitPos(LCD_EN+0)
;__Lib_Lcd.c,113 :: 		
0x00C5	0x2003      	CALL       _Delay_1us
;__Lib_Lcd.c,114 :: 		
0x00C6	0x1186      	BCF        LCD_EN, BitPos(LCD_EN+0)
;__Lib_Lcd.c,115 :: 		
0x00C7	0x2005      	CALL       _Delay_5500us
;__Lib_Lcd.c,117 :: 		
0x00C8	0x1586      	BSF        LCD_EN, BitPos(LCD_EN+0)
;__Lib_Lcd.c,118 :: 		
0x00C9	0x2003      	CALL       _Delay_1us
;__Lib_Lcd.c,119 :: 		
0x00CA	0x1186      	BCF        LCD_EN, BitPos(LCD_EN+0)
;__Lib_Lcd.c,120 :: 		
0x00CB	0x2005      	CALL       _Delay_5500us
;__Lib_Lcd.c,123 :: 		
0x00CC	0x1206      	BCF        LCD_D4, BitPos(LCD_D4+0)
;__Lib_Lcd.c,124 :: 		
0x00CD	0x1586      	BSF        LCD_EN, BitPos(LCD_EN+0)
;__Lib_Lcd.c,125 :: 		
0x00CE	0x2003      	CALL       _Delay_1us
;__Lib_Lcd.c,126 :: 		
0x00CF	0x1186      	BCF        LCD_EN, BitPos(LCD_EN+0)
;__Lib_Lcd.c,127 :: 		
0x00D0	0x2005      	CALL       _Delay_5500us
;__Lib_Lcd.c,130 :: 		
0x00D1	0x1586      	BSF        LCD_EN, BitPos(LCD_EN+0)
;__Lib_Lcd.c,131 :: 		
0x00D2	0x2003      	CALL       _Delay_1us
;__Lib_Lcd.c,132 :: 		
0x00D3	0x1186      	BCF        LCD_EN, BitPos(LCD_EN+0)
;__Lib_Lcd.c,134 :: 		
0x00D4	0x1286      	BCF        LCD_D5, BitPos(LCD_D5+0)
;__Lib_Lcd.c,135 :: 		
0x00D5	0x1786      	BSF        LCD_D7, BitPos(LCD_D7+0)
;__Lib_Lcd.c,136 :: 		
0x00D6	0x1586      	BSF        LCD_EN, BitPos(LCD_EN+0)
;__Lib_Lcd.c,137 :: 		
0x00D7	0x2003      	CALL       _Delay_1us
;__Lib_Lcd.c,138 :: 		
0x00D8	0x1186      	BCF        LCD_EN, BitPos(LCD_EN+0)
;__Lib_Lcd.c,139 :: 		
0x00D9	0x2005      	CALL       _Delay_5500us
;__Lib_Lcd.c,142 :: 		
0x00DA	0x1386      	BCF        LCD_D7, BitPos(LCD_D7+0)
;__Lib_Lcd.c,143 :: 		
0x00DB	0x1606      	BSF        LCD_D4, BitPos(LCD_D4+0)
;__Lib_Lcd.c,144 :: 		
0x00DC	0x1586      	BSF        LCD_EN, BitPos(LCD_EN+0)
;__Lib_Lcd.c,145 :: 		
0x00DD	0x2003      	CALL       _Delay_1us
;__Lib_Lcd.c,146 :: 		
0x00DE	0x1186      	BCF        LCD_EN, BitPos(LCD_EN+0)
;__Lib_Lcd.c,148 :: 		
0x00DF	0x1206      	BCF        LCD_D4, BitPos(LCD_D4+0)
;__Lib_Lcd.c,149 :: 		
0x00E0	0x1586      	BSF        LCD_EN, BitPos(LCD_EN+0)
;__Lib_Lcd.c,150 :: 		
0x00E1	0x2003      	CALL       _Delay_1us
;__Lib_Lcd.c,151 :: 		
0x00E2	0x1186      	BCF        LCD_EN, BitPos(LCD_EN+0)
;__Lib_Lcd.c,152 :: 		
0x00E3	0x2005      	CALL       _Delay_5500us
;__Lib_Lcd.c,155 :: 		
0x00E4	0x1586      	BSF        LCD_EN, BitPos(LCD_EN+0)
;__Lib_Lcd.c,156 :: 		
0x00E5	0x2003      	CALL       _Delay_1us
;__Lib_Lcd.c,157 :: 		
0x00E6	0x1186      	BCF        LCD_EN, BitPos(LCD_EN+0)
;__Lib_Lcd.c,159 :: 		
0x00E7	0x1606      	BSF        LCD_D4, BitPos(LCD_D4+0)
;__Lib_Lcd.c,160 :: 		
0x00E8	0x1586      	BSF        LCD_EN, BitPos(LCD_EN+0)
;__Lib_Lcd.c,161 :: 		
0x00E9	0x2003      	CALL       _Delay_1us
;__Lib_Lcd.c,162 :: 		
0x00EA	0x1186      	BCF        LCD_EN, BitPos(LCD_EN+0)
;__Lib_Lcd.c,163 :: 		
0x00EB	0x2005      	CALL       _Delay_5500us
;__Lib_Lcd.c,166 :: 		
0x00EC	0x1206      	BCF        LCD_D4, BitPos(LCD_D4+0)
;__Lib_Lcd.c,167 :: 		
0x00ED	0x1586      	BSF        LCD_EN, BitPos(LCD_EN+0)
;__Lib_Lcd.c,168 :: 		
0x00EE	0x2003      	CALL       _Delay_1us
;__Lib_Lcd.c,169 :: 		
0x00EF	0x1186      	BCF        LCD_EN, BitPos(LCD_EN+0)
;__Lib_Lcd.c,171 :: 		
0x00F0	0x1786      	BSF        LCD_D7, BitPos(LCD_D7+0)
;__Lib_Lcd.c,172 :: 		
0x00F1	0x1706      	BSF        LCD_D6, BitPos(LCD_D6+0)
;__Lib_Lcd.c,173 :: 		
0x00F2	0x1686      	BSF        LCD_D5, BitPos(LCD_D5+0)
;__Lib_Lcd.c,174 :: 		
0x00F3	0x1606      	BSF        LCD_D4, BitPos(LCD_D4+0)
;__Lib_Lcd.c,175 :: 		
0x00F4	0x1586      	BSF        LCD_EN, BitPos(LCD_EN+0)
;__Lib_Lcd.c,176 :: 		
0x00F5	0x2003      	CALL       _Delay_1us
;__Lib_Lcd.c,177 :: 		
0x00F6	0x1186      	BCF        LCD_EN, BitPos(LCD_EN+0)
;__Lib_Lcd.c,179 :: 		
0x00F7	0x2005      	CALL       _Delay_5500us
;__Lib_Lcd.c,181 :: 		
0x00F8	0x1431      	BSF        __Lib_Lcd_cmd_status, BitPos(__Lib_Lcd_cmd_status+0)
;__Lib_Lcd.c,182 :: 		
L_end_Lcd_Init:
0x00F9	0x0008      	RETURN
; end of _Lcd_Init
_Keypad_Key_Click:
;__Lib_Keypad4x4.c,77 :: 		
;__Lib_Keypad4x4.c,81 :: 		
0x00FA	0x2058      	CALL       _Keypad_Key_Press
0x00FB	0x0870      	MOVF       R0, 0
0x00FC	0x00B5      	MOVWF      Keypad_Key_Click_rslt_L0
;__Lib_Keypad4x4.c,83 :: 		
L_Keypad_Key_Click5:
0x00FD	0x300F      	MOVLW      15
0x00FE	0x0508      	ANDWF      keypadPort, 0
0x00FF	0x00F0      	MOVWF      R0
0x0100	0x1903      	BTFSC      STATUS, 2
0x0101	0x2904      	GOTO       L_Keypad_Key_Click6
;__Lib_Keypad4x4.c,84 :: 		
0x0102	0x209E      	CALL       _Delay_10us
0x0103	0x28FD      	GOTO       L_Keypad_Key_Click5
L_Keypad_Key_Click6:
;__Lib_Keypad4x4.c,86 :: 		
0x0104	0x0835      	MOVF       Keypad_Key_Click_rslt_L0, 0
0x0105	0x00F0      	MOVWF      R0
;__Lib_Keypad4x4.c,87 :: 		
L_end_Keypad_Key_Click:
0x0106	0x0008      	RETURN
; end of _Keypad_Key_Click
_Lcd_Out:
;__Lib_Lcd.c,184 :: 		
;__Lib_Lcd.c,187 :: 		
0x0107	0x2919      	GOTO       L_Lcd_Out11
;__Lib_Lcd.c,188 :: 		
L_Lcd_Out13:
0x0108	0x3080      	MOVLW      128
0x0109	0x1283      	BCF        STATUS, 5
0x010A	0x1303      	BCF        STATUS, 6
0x010B	0x00B5      	MOVWF      FARG_Lcd_Out_row
0x010C	0x292C      	GOTO       L_Lcd_Out12
;__Lib_Lcd.c,189 :: 		
L_Lcd_Out14:
0x010D	0x30C0      	MOVLW      192
0x010E	0x00B5      	MOVWF      FARG_Lcd_Out_row
0x010F	0x292C      	GOTO       L_Lcd_Out12
;__Lib_Lcd.c,190 :: 		
L_Lcd_Out15:
0x0110	0x3094      	MOVLW      148
0x0111	0x00B5      	MOVWF      FARG_Lcd_Out_row
0x0112	0x292C      	GOTO       L_Lcd_Out12
;__Lib_Lcd.c,191 :: 		
L_Lcd_Out16:
0x0113	0x30D4      	MOVLW      212
0x0114	0x00B5      	MOVWF      FARG_Lcd_Out_row
0x0115	0x292C      	GOTO       L_Lcd_Out12
;__Lib_Lcd.c,192 :: 		
L_Lcd_Out17:
0x0116	0x3080      	MOVLW      128
0x0117	0x00B5      	MOVWF      FARG_Lcd_Out_row
;__Lib_Lcd.c,193 :: 		
0x0118	0x292C      	GOTO       L_Lcd_Out12
L_Lcd_Out11:
0x0119	0x1283      	BCF        STATUS, 5
0x011A	0x1303      	BCF        STATUS, 6
0x011B	0x0835      	MOVF       FARG_Lcd_Out_row, 0
0x011C	0x3A01      	XORLW      1
0x011D	0x1903      	BTFSC      STATUS, 2
0x011E	0x2908      	GOTO       L_Lcd_Out13
0x011F	0x0835      	MOVF       FARG_Lcd_Out_row, 0
0x0120	0x3A02      	XORLW      2
0x0121	0x1903      	BTFSC      STATUS, 2
0x0122	0x290D      	GOTO       L_Lcd_Out14
0x0123	0x0835      	MOVF       FARG_Lcd_Out_row, 0
0x0124	0x3A03      	XORLW      3
0x0125	0x1903      	BTFSC      STATUS, 2
0x0126	0x2910      	GOTO       L_Lcd_Out15
0x0127	0x0835      	MOVF       FARG_Lcd_Out_row, 0
0x0128	0x3A04      	XORLW      4
0x0129	0x1903      	BTFSC      STATUS, 2
0x012A	0x2913      	GOTO       L_Lcd_Out16
0x012B	0x2916      	GOTO       L_Lcd_Out17
L_Lcd_Out12:
;__Lib_Lcd.c,194 :: 		
0x012C	0x0336      	DECF       FARG_Lcd_Out_column, 0
0x012D	0x00F0      	MOVWF      R0
0x012E	0x0835      	MOVF       FARG_Lcd_Out_row, 0
0x012F	0x07F0      	ADDWF      R0, 1
0x0130	0x0870      	MOVF       R0, 0
0x0131	0x00B5      	MOVWF      FARG_Lcd_Out_row
;__Lib_Lcd.c,196 :: 		
0x0132	0x0870      	MOVF       R0, 0
0x0133	0x00BE      	MOVWF      FARG_Lcd_Cmd_out_char
0x0134	0x2018      	CALL       _Lcd_Cmd
;__Lib_Lcd.c,197 :: 		
0x0135	0x1031      	BCF        __Lib_Lcd_cmd_status, BitPos(__Lib_Lcd_cmd_status+0)
;__Lib_Lcd.c,198 :: 		
0x0136	0x01B8      	CLRF       Lcd_Out_i_L0
;__Lib_Lcd.c,199 :: 		
L_Lcd_Out18:
0x0137	0x0838      	MOVF       Lcd_Out_i_L0, 0
0x0138	0x0737      	ADDWF      FARG_Lcd_Out_text, 0
0x0139	0x0084      	MOVWF      FSR
0x013A	0x0800      	MOVF       INDF, 0
0x013B	0x1903      	BTFSC      STATUS, 2
0x013C	0x2945      	GOTO       L_Lcd_Out19
;__Lib_Lcd.c,200 :: 		
0x013D	0x0838      	MOVF       Lcd_Out_i_L0, 0
0x013E	0x0737      	ADDWF      FARG_Lcd_Out_text, 0
0x013F	0x0084      	MOVWF      FSR
0x0140	0x0800      	MOVF       INDF, 0
0x0141	0x00B9      	MOVWF      FARG_Lcd_Chr_CP_out_char
0x0142	0x208C      	CALL       _Lcd_Chr_CP
0x0143	0x0AB8      	INCF       Lcd_Out_i_L0, 1
0x0144	0x2937      	GOTO       L_Lcd_Out18
L_Lcd_Out19:
;__Lib_Lcd.c,201 :: 		
0x0145	0x1431      	BSF        __Lib_Lcd_cmd_status, BitPos(__Lib_Lcd_cmd_status+0)
;__Lib_Lcd.c,202 :: 		
L_end_Lcd_Out:
0x0146	0x0008      	RETURN
; end of _Lcd_Out
_Inicia:
;ProjectDisplayLCD.c,21 :: 		void Inicia(){
;ProjectDisplayLCD.c,23 :: 		TRISB = 0x00;
0x0147	0x1683      	BSF        STATUS, 5
0x0148	0x1303      	BCF        STATUS, 6
0x0149	0x0186      	CLRF       TRISB
;ProjectDisplayLCD.c,24 :: 		TRISD = 0xFF;
0x014A	0x30FF      	MOVLW      255
0x014B	0x0088      	MOVWF      TRISD
;ProjectDisplayLCD.c,27 :: 		Keypad_Init();
0x014C	0x2094      	CALL       _Keypad_Init
;ProjectDisplayLCD.c,30 :: 		Lcd_Init();
0x014D	0x20AC      	CALL       _Lcd_Init
;ProjectDisplayLCD.c,31 :: 		Lcd_Cmd(_LCD_CLEAR);
0x014E	0x3001      	MOVLW      1
0x014F	0x00BE      	MOVWF      FARG_Lcd_Cmd_out_char
0x0150	0x2018      	CALL       _Lcd_Cmd
;ProjectDisplayLCD.c,33 :: 		}
L_end_Inicia:
0x0151	0x0008      	RETURN
; end of _Inicia
___CC2DW:
;__Lib_System.c,134 :: 		
;__Lib_System.c,137 :: 		
_CC2D_Loop1:
;__Lib_System.c,139 :: 		
0x0152	0x20A5      	CALL       _____DoICP
0x0153	0x118A      	BCF        PCLATH, 3
0x0154	0x120A      	BCF        PCLATH, 4
;__Lib_System.c,141 :: 		
0x0155	0x0080      	MOVWF      INDF
;__Lib_System.c,142 :: 		
0x0156	0x0A84      	INCF       FSR, 1
;__Lib_System.c,143 :: 		
0x0157	0x0AB2      	INCF       ___DoICPAddr, 1
;__Lib_System.c,145 :: 		
0x0158	0x1903      	BTFSC      STATUS, 2
;__Lib_System.c,146 :: 		
0x0159	0x0AB3      	INCF       ___DoICPAddr+1, 1
;__Lib_System.c,147 :: 		
0x015A	0x03F0      	DECF       R0, 1
;__Lib_System.c,149 :: 		
0x015B	0x1D03      	BTFSS      STATUS, 2
;__Lib_System.c,150 :: 		
0x015C	0x2952      	GOTO       _CC2D_Loop1
;__Lib_System.c,152 :: 		
L_end___CC2DW:
0x015D	0x0008      	RETURN
; end of ___CC2DW
_Lcd_Chr:
;__Lib_Lcd.c,65 :: 		
;__Lib_Lcd.c,66 :: 		
0x015E	0x2970      	GOTO       L_Lcd_Chr4
;__Lib_Lcd.c,67 :: 		
L_Lcd_Chr6:
0x015F	0x3080      	MOVLW      128
0x0160	0x1283      	BCF        STATUS, 5
0x0161	0x1303      	BCF        STATUS, 6
0x0162	0x00B5      	MOVWF      FARG_Lcd_Chr_row
0x0163	0x2983      	GOTO       L_Lcd_Chr5
;__Lib_Lcd.c,68 :: 		
L_Lcd_Chr7:
0x0164	0x30C0      	MOVLW      192
0x0165	0x00B5      	MOVWF      FARG_Lcd_Chr_row
0x0166	0x2983      	GOTO       L_Lcd_Chr5
;__Lib_Lcd.c,69 :: 		
L_Lcd_Chr8:
0x0167	0x3094      	MOVLW      148
0x0168	0x00B5      	MOVWF      FARG_Lcd_Chr_row
0x0169	0x2983      	GOTO       L_Lcd_Chr5
;__Lib_Lcd.c,70 :: 		
L_Lcd_Chr9:
0x016A	0x30D4      	MOVLW      212
0x016B	0x00B5      	MOVWF      FARG_Lcd_Chr_row
0x016C	0x2983      	GOTO       L_Lcd_Chr5
;__Lib_Lcd.c,71 :: 		
L_Lcd_Chr10:
0x016D	0x3080      	MOVLW      128
0x016E	0x00B5      	MOVWF      FARG_Lcd_Chr_row
;__Lib_Lcd.c,72 :: 		
0x016F	0x2983      	GOTO       L_Lcd_Chr5
L_Lcd_Chr4:
0x0170	0x1283      	BCF        STATUS, 5
0x0171	0x1303      	BCF        STATUS, 6
0x0172	0x0835      	MOVF       FARG_Lcd_Chr_row, 0
0x0173	0x3A01      	XORLW      1
0x0174	0x1903      	BTFSC      STATUS, 2
0x0175	0x295F      	GOTO       L_Lcd_Chr6
0x0176	0x0835      	MOVF       FARG_Lcd_Chr_row, 0
0x0177	0x3A02      	XORLW      2
0x0178	0x1903      	BTFSC      STATUS, 2
0x0179	0x2964      	GOTO       L_Lcd_Chr7
0x017A	0x0835      	MOVF       FARG_Lcd_Chr_row, 0
0x017B	0x3A03      	XORLW      3
0x017C	0x1903      	BTFSC      STATUS, 2
0x017D	0x2967      	GOTO       L_Lcd_Chr8
0x017E	0x0835      	MOVF       FARG_Lcd_Chr_row, 0
0x017F	0x3A04      	XORLW      4
0x0180	0x1903      	BTFSC      STATUS, 2
0x0181	0x296A      	GOTO       L_Lcd_Chr9
0x0182	0x296D      	GOTO       L_Lcd_Chr10
L_Lcd_Chr5:
;__Lib_Lcd.c,74 :: 		
0x0183	0x0336      	DECF       FARG_Lcd_Chr_column, 0
0x0184	0x00F0      	MOVWF      R0
0x0185	0x0835      	MOVF       FARG_Lcd_Chr_row, 0
0x0186	0x07F0      	ADDWF      R0, 1
0x0187	0x0870      	MOVF       R0, 0
0x0188	0x00B5      	MOVWF      FARG_Lcd_Chr_row
;__Lib_Lcd.c,76 :: 		
0x0189	0x1431      	BSF        __Lib_Lcd_cmd_status, BitPos(__Lib_Lcd_cmd_status+0)
;__Lib_Lcd.c,77 :: 		
0x018A	0x0870      	MOVF       R0, 0
0x018B	0x00BE      	MOVWF      FARG_Lcd_Cmd_out_char
0x018C	0x2018      	CALL       _Lcd_Cmd
;__Lib_Lcd.c,79 :: 		
0x018D	0x1031      	BCF        __Lib_Lcd_cmd_status, BitPos(__Lib_Lcd_cmd_status+0)
;__Lib_Lcd.c,80 :: 		
0x018E	0x0837      	MOVF       FARG_Lcd_Chr_out_char, 0
0x018F	0x00BE      	MOVWF      FARG_Lcd_Cmd_out_char
0x0190	0x2018      	CALL       _Lcd_Cmd
;__Lib_Lcd.c,81 :: 		
0x0191	0x1431      	BSF        __Lib_Lcd_cmd_status, BitPos(__Lib_Lcd_cmd_status+0)
;__Lib_Lcd.c,82 :: 		
L_end_Lcd_Chr:
0x0192	0x0008      	RETURN
; end of _Lcd_Chr
_main:
0x0193	0x1283      	BCF        STATUS, 5
0x0194	0x1303      	BCF        STATUS, 6
0x0195	0x01A0      	CLRF       _i
0x0196	0x3044      	MOVLW      68
0x0197	0x00A1      	MOVWF      ?lstr2_ProjectDisplayLCD
0x0198	0x3069      	MOVLW      105
0x0199	0x00A2      	MOVWF      34
0x019A	0x3067      	MOVLW      103
0x019B	0x00A3      	MOVWF      35
0x019C	0x3069      	MOVLW      105
0x019D	0x00A4      	MOVWF      36
0x019E	0x3074      	MOVLW      116
0x019F	0x00A5      	MOVWF      37
0x01A0	0x3065      	MOVLW      101
0x01A1	0x00A6      	MOVWF      38
0x01A2	0x303A      	MOVLW      58
0x01A3	0x00A7      	MOVWF      39
0x01A4	0x01A8      	CLRF       40
0x01A5	0x3044      	MOVLW      68
0x01A6	0x00A9      	MOVWF      ?lstr1_ProjectDisplayLCD
0x01A7	0x3069      	MOVLW      105
0x01A8	0x00AA      	MOVWF      42
0x01A9	0x3067      	MOVLW      103
0x01AA	0x00AB      	MOVWF      43
0x01AB	0x3069      	MOVLW      105
0x01AC	0x00AC      	MOVWF      44
0x01AD	0x3074      	MOVLW      116
0x01AE	0x00AD      	MOVWF      45
0x01AF	0x3065      	MOVLW      101
0x01B0	0x00AE      	MOVWF      46
0x01B1	0x303A      	MOVLW      58
0x01B2	0x00AF      	MOVWF      47
0x01B3	0x01B0      	CLRF       48
;ProjectDisplayLCD.c,39 :: 		void main() {
;ProjectDisplayLCD.c,40 :: 		char key = Keypad_Key_Press();
0x01B4	0x2058      	CALL       _Keypad_Key_Press
0x01B5	0x0870      	MOVF       R0, 0
0x01B6	0x00B4      	MOVWF      main_key_L0
;ProjectDisplayLCD.c,42 :: 		Inicia();
0x01B7	0x2147      	CALL       _Inicia
;ProjectDisplayLCD.c,44 :: 		Lcd_Out(1, 1, "Digite:");
0x01B8	0x3001      	MOVLW      1
0x01B9	0x00B5      	MOVWF      FARG_Lcd_Out_row
0x01BA	0x3001      	MOVLW      1
0x01BB	0x00B6      	MOVWF      FARG_Lcd_Out_column
0x01BC	0x3029      	MOVLW      ?lstr1_ProjectDisplayLCD
0x01BD	0x00B7      	MOVWF      FARG_Lcd_Out_text
0x01BE	0x2107      	CALL       _Lcd_Out
;ProjectDisplayLCD.c,46 :: 		while (1) {
L_main0:
;ProjectDisplayLCD.c,48 :: 		key = Keypad_Key_Click();
0x01BF	0x20FA      	CALL       _Keypad_Key_Click
0x01C0	0x0870      	MOVF       R0, 0
0x01C1	0x00B4      	MOVWF      main_key_L0
;ProjectDisplayLCD.c,50 :: 		switch (key) {
0x01C2	0x29F3      	GOTO       L_main2
;ProjectDisplayLCD.c,51 :: 		case  1: key = 55; break; // 7
L_main4:
0x01C3	0x3037      	MOVLW      55
0x01C4	0x00B4      	MOVWF      main_key_L0
0x01C5	0x2A33      	GOTO       L_main3
;ProjectDisplayLCD.c,52 :: 		case  2: key = 52; break; // 4
L_main5:
0x01C6	0x3034      	MOVLW      52
0x01C7	0x00B4      	MOVWF      main_key_L0
0x01C8	0x2A33      	GOTO       L_main3
;ProjectDisplayLCD.c,53 :: 		case  3: key = 49; break; // 1
L_main6:
0x01C9	0x3031      	MOVLW      49
0x01CA	0x00B4      	MOVWF      main_key_L0
0x01CB	0x2A33      	GOTO       L_main3
;ProjectDisplayLCD.c,54 :: 		case  4: key = 127; break; // ON/C
L_main7:
0x01CC	0x307F      	MOVLW      127
0x01CD	0x00B4      	MOVWF      main_key_L0
0x01CE	0x2A33      	GOTO       L_main3
;ProjectDisplayLCD.c,55 :: 		case  5: key = 56; break; // 8
L_main8:
0x01CF	0x3038      	MOVLW      56
0x01D0	0x00B4      	MOVWF      main_key_L0
0x01D1	0x2A33      	GOTO       L_main3
;ProjectDisplayLCD.c,56 :: 		case  6: key = 53; break; // 5
L_main9:
0x01D2	0x3035      	MOVLW      53
0x01D3	0x00B4      	MOVWF      main_key_L0
0x01D4	0x2A33      	GOTO       L_main3
;ProjectDisplayLCD.c,57 :: 		case  7: key = 50; break; // 2
L_main10:
0x01D5	0x3032      	MOVLW      50
0x01D6	0x00B4      	MOVWF      main_key_L0
0x01D7	0x2A33      	GOTO       L_main3
;ProjectDisplayLCD.c,58 :: 		case  8: key = 48; break; // 0
L_main11:
0x01D8	0x3030      	MOVLW      48
0x01D9	0x00B4      	MOVWF      main_key_L0
0x01DA	0x2A33      	GOTO       L_main3
;ProjectDisplayLCD.c,59 :: 		case  9: key = 57; break; // 9
L_main12:
0x01DB	0x3039      	MOVLW      57
0x01DC	0x00B4      	MOVWF      main_key_L0
0x01DD	0x2A33      	GOTO       L_main3
;ProjectDisplayLCD.c,60 :: 		case 10: key = 54; break; // 6
L_main13:
0x01DE	0x3036      	MOVLW      54
0x01DF	0x00B4      	MOVWF      main_key_L0
0x01E0	0x2A33      	GOTO       L_main3
;ProjectDisplayLCD.c,61 :: 		case 11: key = 51; break; // 3
L_main14:
0x01E1	0x3033      	MOVLW      51
0x01E2	0x00B4      	MOVWF      main_key_L0
0x01E3	0x2A33      	GOTO       L_main3
;ProjectDisplayLCD.c,62 :: 		case 12: key = 61; break; // =
L_main15:
0x01E4	0x303D      	MOVLW      61
0x01E5	0x00B4      	MOVWF      main_key_L0
0x01E6	0x2A33      	GOTO       L_main3
;ProjectDisplayLCD.c,63 :: 		case 13: key = 47; break; // /
L_main16:
0x01E7	0x302F      	MOVLW      47
0x01E8	0x00B4      	MOVWF      main_key_L0
0x01E9	0x2A33      	GOTO       L_main3
;ProjectDisplayLCD.c,64 :: 		case 14: key = 42; break; // *
L_main17:
0x01EA	0x302A      	MOVLW      42
0x01EB	0x00B4      	MOVWF      main_key_L0
0x01EC	0x2A33      	GOTO       L_main3
;ProjectDisplayLCD.c,65 :: 		case 15: key = 45; break; // -
L_main18:
0x01ED	0x302D      	MOVLW      45
0x01EE	0x00B4      	MOVWF      main_key_L0
0x01EF	0x2A33      	GOTO       L_main3
;ProjectDisplayLCD.c,66 :: 		case 16: key = 43; break; // +
L_main19:
0x01F0	0x302B      	MOVLW      43
0x01F1	0x00B4      	MOVWF      main_key_L0
0x01F2	0x2A33      	GOTO       L_main3
;ProjectDisplayLCD.c,67 :: 		}
L_main2:
0x01F3	0x0834      	MOVF       main_key_L0, 0
0x01F4	0x3A01      	XORLW      1
0x01F5	0x1903      	BTFSC      STATUS, 2
0x01F6	0x29C3      	GOTO       L_main4
0x01F7	0x0834      	MOVF       main_key_L0, 0
0x01F8	0x3A02      	XORLW      2
0x01F9	0x1903      	BTFSC      STATUS, 2
0x01FA	0x29C6      	GOTO       L_main5
0x01FB	0x0834      	MOVF       main_key_L0, 0
0x01FC	0x3A03      	XORLW      3
0x01FD	0x1903      	BTFSC      STATUS, 2
0x01FE	0x29C9      	GOTO       L_main6
0x01FF	0x0834      	MOVF       main_key_L0, 0
0x0200	0x3A04      	XORLW      4
0x0201	0x1903      	BTFSC      STATUS, 2
0x0202	0x29CC      	GOTO       L_main7
0x0203	0x0834      	MOVF       main_key_L0, 0
0x0204	0x3A05      	XORLW      5
0x0205	0x1903      	BTFSC      STATUS, 2
0x0206	0x29CF      	GOTO       L_main8
0x0207	0x0834      	MOVF       main_key_L0, 0
0x0208	0x3A06      	XORLW      6
0x0209	0x1903      	BTFSC      STATUS, 2
0x020A	0x29D2      	GOTO       L_main9
0x020B	0x0834      	MOVF       main_key_L0, 0
0x020C	0x3A07      	XORLW      7
0x020D	0x1903      	BTFSC      STATUS, 2
0x020E	0x29D5      	GOTO       L_main10
0x020F	0x0834      	MOVF       main_key_L0, 0
0x0210	0x3A08      	XORLW      8
0x0211	0x1903      	BTFSC      STATUS, 2
0x0212	0x29D8      	GOTO       L_main11
0x0213	0x0834      	MOVF       main_key_L0, 0
0x0214	0x3A09      	XORLW      9
0x0215	0x1903      	BTFSC      STATUS, 2
0x0216	0x29DB      	GOTO       L_main12
0x0217	0x0834      	MOVF       main_key_L0, 0
0x0218	0x3A0A      	XORLW      10
0x0219	0x1903      	BTFSC      STATUS, 2
0x021A	0x29DE      	GOTO       L_main13
0x021B	0x0834      	MOVF       main_key_L0, 0
0x021C	0x3A0B      	XORLW      11
0x021D	0x1903      	BTFSC      STATUS, 2
0x021E	0x29E1      	GOTO       L_main14
0x021F	0x0834      	MOVF       main_key_L0, 0
0x0220	0x3A0C      	XORLW      12
0x0221	0x1903      	BTFSC      STATUS, 2
0x0222	0x29E4      	GOTO       L_main15
0x0223	0x0834      	MOVF       main_key_L0, 0
0x0224	0x3A0D      	XORLW      13
0x0225	0x1903      	BTFSC      STATUS, 2
0x0226	0x29E7      	GOTO       L_main16
0x0227	0x0834      	MOVF       main_key_L0, 0
0x0228	0x3A0E      	XORLW      14
0x0229	0x1903      	BTFSC      STATUS, 2
0x022A	0x29EA      	GOTO       L_main17
0x022B	0x0834      	MOVF       main_key_L0, 0
0x022C	0x3A0F      	XORLW      15
0x022D	0x1903      	BTFSC      STATUS, 2
0x022E	0x29ED      	GOTO       L_main18
0x022F	0x0834      	MOVF       main_key_L0, 0
0x0230	0x3A10      	XORLW      16
0x0231	0x1903      	BTFSC      STATUS, 2
0x0232	0x29F0      	GOTO       L_main19
L_main3:
;ProjectDisplayLCD.c,69 :: 		if (key != 0) {
0x0233	0x0834      	MOVF       main_key_L0, 0
0x0234	0x3A00      	XORLW      0
0x0235	0x1903      	BTFSC      STATUS, 2
0x0236	0x2A53      	GOTO       L_main20
;ProjectDisplayLCD.c,70 :: 		if(key == 127){
0x0237	0x0834      	MOVF       main_key_L0, 0
0x0238	0x3A7F      	XORLW      127
0x0239	0x1D03      	BTFSS      STATUS, 2
0x023A	0x2A47      	GOTO       L_main21
;ProjectDisplayLCD.c,71 :: 		Lcd_Cmd(_LCD_CLEAR);
0x023B	0x3001      	MOVLW      1
0x023C	0x00BE      	MOVWF      FARG_Lcd_Cmd_out_char
0x023D	0x2018      	CALL       _Lcd_Cmd
;ProjectDisplayLCD.c,72 :: 		Lcd_Out(1, 1, "Digite:");
0x023E	0x3001      	MOVLW      1
0x023F	0x00B5      	MOVWF      FARG_Lcd_Out_row
0x0240	0x3001      	MOVLW      1
0x0241	0x00B6      	MOVWF      FARG_Lcd_Out_column
0x0242	0x3021      	MOVLW      ?lstr2_ProjectDisplayLCD
0x0243	0x00B7      	MOVWF      FARG_Lcd_Out_text
0x0244	0x2107      	CALL       _Lcd_Out
;ProjectDisplayLCD.c,73 :: 		i=0;
0x0245	0x01A0      	CLRF       _i
;ProjectDisplayLCD.c,74 :: 		}
0x0246	0x2A53      	GOTO       L_main22
L_main21:
;ProjectDisplayLCD.c,75 :: 		else if (i < 16) {
0x0247	0x3010      	MOVLW      16
0x0248	0x0220      	SUBWF      _i, 0
0x0249	0x1803      	BTFSC      STATUS, 0
0x024A	0x2A53      	GOTO       L_main23
;ProjectDisplayLCD.c,77 :: 		Lcd_Chr(2, i + 1, key);
0x024B	0x3002      	MOVLW      2
0x024C	0x00B5      	MOVWF      FARG_Lcd_Chr_row
0x024D	0x0A20      	INCF       _i, 0
0x024E	0x00B6      	MOVWF      FARG_Lcd_Chr_column
0x024F	0x0834      	MOVF       main_key_L0, 0
0x0250	0x00B7      	MOVWF      FARG_Lcd_Chr_out_char
0x0251	0x215E      	CALL       _Lcd_Chr
;ProjectDisplayLCD.c,78 :: 		i++;
0x0252	0x0AA0      	INCF       _i, 1
;ProjectDisplayLCD.c,79 :: 		}
L_main23:
L_main22:
;ProjectDisplayLCD.c,80 :: 		}
L_main20:
;ProjectDisplayLCD.c,81 :: 		Delay_ms(100); // Delay para evitar sobrecarga da CPU
0x0253	0x3082      	MOVLW      130
0x0254	0x00FC      	MOVWF      R12
0x0255	0x30DD      	MOVLW      221
0x0256	0x00FD      	MOVWF      R13
L_main24:
0x0257	0x0BFD      	DECFSZ     R13, 1
0x0258	0x2A57      	GOTO       L_main24
0x0259	0x0BFC      	DECFSZ     R12, 1
0x025A	0x2A57      	GOTO       L_main24
0x025B	0x0000      	NOP
0x025C	0x0000      	NOP
;ProjectDisplayLCD.c,82 :: 		}
0x025D	0x29BF      	GOTO       L_main0
;ProjectDisplayLCD.c,83 :: 		}
L_end_main:
0x025E	0x2A5E      	GOTO       $+0
; end of _main
Symbol List:
//** Routines locations **
//ADDRESS    SIZE    PROCEDURE
//----------------------------------------------
0x0003       [2]    _Delay_1us
0x0005      [11]    _Delay_5500us
0x0010       [8]    _Delay_50us
0x0018      [64]    _Lcd_Cmd
0x0058      [52]    _Keypad_Key_Press
0x008C       [8]    _Lcd_Chr_CP
0x0094      [10]    _Keypad_Init
0x009E       [7]    _Delay_10us
0x00A5       [7]    _____DoICP
0x00AC      [78]    _Lcd_Init
0x00FA      [13]    _Keypad_Key_Click
0x0107      [64]    _Lcd_Out
0x0147      [11]    _Inicia
0x0152      [12]    ___CC2DW
0x015E      [53]    _Lcd_Chr
0x0193     [204]    _main
//** Variables locations ** 
//ADDRESS    SIZE    VARIABLE
//----------------------------------------------
0x0000       [1]    INDF
0x0002       [1]    PCL
0x0003       [1]    STATUS
0x0004       [1]    FSR
0x0006       [0]    RB5_bit
0x0006       [0]    RB3_bit
0x0006       [0]    RB6_bit
0x0006       [0]    LCD_D4
0x0006       [0]    LCD_EN
0x0006       [0]    LCD_RS
0x0006       [0]    LCD_D5
0x0006       [0]    LCD_D7
0x0006       [0]    LCD_D6
0x0006       [0]    RB4_bit
0x0006       [0]    RB2_bit
0x0006       [0]    RB7_bit
0x0008       [1]    PORTD
0x0008       [1]    keypadPort
0x000A       [1]    PCLATH
0x0020       [1]    _i
0x0021       [8]    ?lstr2_ProjectDisplayLCD
0x0029       [8]    ?lstr1_ProjectDisplayLCD
0x0031       [0]    __Lib_Lcd_cmd_status
0x0032       [2]    ___DoICPAddr
0x0034       [1]    main_key_L0
0x0035       [1]    FARG_Lcd_Chr_row
0x0035       [1]    FARG_Lcd_Out_row
0x0035       [1]    Keypad_Key_Click_rslt_L0
0x0036       [1]    FARG_Lcd_Chr_column
0x0036       [1]    FARG_Lcd_Out_column
0x0037       [1]    FARG_Lcd_Out_text
0x0037       [1]    FARG_Lcd_Chr_out_char
0x0038       [1]    Lcd_Out_i_L0
0x0039       [1]    FARG_Lcd_Chr_CP_out_char
0x0039       [1]    Keypad_Key_Press_rslt_L0
0x003A       [1]    Keypad_Key_Press_kdata_L0
0x003B       [1]    Keypad_Key_Press_loc_L0
0x003C       [1]    Keypad_Key_Press_rowcnt_L0
0x003D       [1]    Keypad_Key_Press_shifter_L0
0x003E       [1]    FARG_Lcd_Cmd_out_char
0x0070       [1]    R0
0x0071       [1]    R1
0x0072       [1]    R2
0x0073       [1]    R3
0x0074       [1]    R4
0x0075       [1]    R5
0x0076       [1]    R6
0x0077       [1]    R7
0x0078       [1]    R8
0x0079       [1]    R9
0x007A       [1]    R10
0x007B       [1]    R11
0x007C       [1]    R12
0x007D       [1]    R13
0x007E       [1]    R14
0x007F       [1]    R15
0x0086       [0]    TRISB7_bit
0x0086       [0]    LCD_D6_Direction
0x0086       [0]    LCD_D5_Direction
0x0086       [0]    LCD_D7_Direction
0x0086       [0]    LCD_D4_Direction
0x0086       [0]    LCD_RS_Direction
0x0086       [0]    TRISB5_bit
0x0086       [0]    TRISB4_bit
0x0086       [0]    TRISB3_bit
0x0086       [0]    TRISB6_bit
0x0086       [0]    LCD_EN_Direction
0x0086       [0]    TRISB2_bit
0x0086       [1]    TRISB
0x0088       [1]    TRISD
